<?xml version="1.0" encoding="UTF-8"?>
<!-- Generated by org.testng.reporters.JUnitReportReporter -->
<testsuite hostname="Angle" name="com.erev.ts1.Session2" tests="1" failures="0" timestamp="19 Jul 2015 08:06:53 GMT" time="64.004" errors="0">
  <testcase name="yahoosearch" time="64.004" classname="com.erev.ts1.Session2"/>
</testsuite> <!-- com.erev.ts1.Session2 -->
