<?xml version="1.0" encoding="UTF-8"?>
<!-- Generated by org.testng.reporters.JUnitReportReporter -->
<testsuite hostname="Angle" name="com.erev.ts1.Session2" tests="1" failures="0" timestamp="27 Jun 2015 10:43:31 GMT" time="78.901" errors="0">
  <testcase name="yahoosearch" time="78.901" classname="com.erev.ts1.Session2"/>
</testsuite> <!-- com.erev.ts1.Session2 -->
